d:\project1\project1\debug\vc141.pdb
d:\project1\project1\debug\vc141.idb
d:\project1\project1\debug\heap.obj
d:\project1\project1\debug\main.obj
d:\project1\debug\sorting and order statistics.ilk
d:\project1\debug\sorting and order statistics.exe
d:\project1\debug\sorting and order statistics.pdb
d:\algorithm\project1\debug\heap.obj
d:\algorithm\project1\debug\main.obj
d:\algorithm\project1\debug\vc141.idb
d:\algorithm\project1\debug\vc141.pdb
d:\algorithm\debug\sorting and order statistics.pdb
d:\algorithm\debug\sorting and order statistics.exe
d:\algorithm\debug\sorting and order statistics.ilk
d:\algorithm\project1\debug\sorting .fd2111bf.tlog\cl.command.1.tlog
d:\algorithm\project1\debug\sorting .fd2111bf.tlog\cl.read.1.tlog
d:\algorithm\project1\debug\sorting .fd2111bf.tlog\cl.write.1.tlog
d:\algorithm\project1\debug\sorting .fd2111bf.tlog\link.command.1.tlog
d:\algorithm\project1\debug\sorting .fd2111bf.tlog\link.read.1.tlog
d:\algorithm\project1\debug\sorting .fd2111bf.tlog\link.write.1.tlog
